<?xml version="1.0" encoding="UTF-8"?>
<testng-results ignored="0" total="1" passed="1" failed="0" skipped="0">
  <reporter-output>
  </reporter-output>
  <suite started-at="2024-06-20T13:03:15 IST" name="Default suite" finished-at="2024-06-20T13:05:15 IST" duration-ms="120321">
    <groups>
    </groups>
    <test started-at="2024-06-20T13:03:15 IST" name="Default test" finished-at="2024-06-20T13:05:15 IST" duration-ms="120321">
      <class name="com.browser.AppLog">
        <test-method signature="login_Test()[pri:0, instance:com.browser.AppLog@6aeb35e6]" started-at="2024-06-20T13:03:15 IST" name="login_Test" finished-at="2024-06-20T13:05:15 IST" duration-ms="120093" status="PASS">
          <reporter-output>
          </reporter-output>
        </test-method> <!-- login_Test -->
      </class> <!-- com.browser.AppLog -->
    </test> <!-- Default test -->
  </suite> <!-- Default suite -->
</testng-results>
